[21:52:43] [ServerMain/WARN]: [oshi.driver.windows.perfmon.PerfmonDisabled] Invalid registry value type detected for PerfOS counters. Should be REG_DWORD. Ignoring: HKEY_LOCAL_MACHINE\SYSTEM\CurrentControlSet\Services\PerfOS\Performance\Disable Performance Counters.
[21:52:53] [ServerMain/INFO]: Building unoptimized datafixer
[21:52:56] [ServerMain/INFO]: Environment: authHost='https://authserver.mojang.com', accountsHost='https://api.mojang.com', sessionHost='https://sessionserver.mojang.com', servicesHost='https://api.minecraftservices.com', name='PROD'
[21:53:04] [ServerMain/INFO]: Loaded 7 recipes
[21:53:05] [Server thread/INFO]: Starting minecraft server version 1.19.3
[21:53:05] [Server thread/INFO]: Loading properties
[21:53:06] [Server thread/INFO]: This server is running Pufferfish version git-Pufferfish-61 (MC: 1.19.3) (Implementing API version 1.19.3-R0.1-SNAPSHOT) (Git: 47c34ca on HEAD)
[21:53:06] [Server thread/INFO]: Server Ping Player Sample Count: 12
[21:53:06] [Server thread/INFO]: Using 4 threads for Netty based IO
[21:53:06] [Server thread/INFO]: [ChunkTaskScheduler] Chunk system is using 1 I/O threads, 1 worker threads, and gen parallelism of 1 threads
[21:53:06] [Server thread/INFO]: [Pufferfish] Max SIMD vector size on this system is 256 bits (int)
[21:53:06] [Server thread/INFO]: [Pufferfish] Max SIMD vector size on this system is 256 bits (float)
[21:53:06] [Server thread/INFO]: [Pufferfish] SIMD operations detected as functional. Will replace some operations with faster versions.
[21:53:06] [Server thread/INFO]: Default game type: SURVIVAL
[21:53:06] [Server thread/INFO]: Generating keypair
[21:53:07] [Server thread/INFO]: Starting Minecraft server on *:25565
[21:53:07] [Server thread/INFO]: Using default channel type
[21:53:07] [Server thread/INFO]: Paper: Using Java compression from Velocity.
[21:53:07] [Server thread/INFO]: Paper: Using Java cipher from Velocity.
[21:53:08] [Server thread/WARN]: [org.bukkit.craftbukkit.v1_19_R2.legacy.CraftLegacy] Initializing Legacy Material Support. Unless you have legacy plugins and/or data this is a bug!
[21:53:16] [Server thread/WARN]: Legacy plugin skUtilities v0.9.2 does not specify an api-version.
[21:53:16] [Server thread/INFO]: [ViaVersion] Loading server plugin ViaVersion v4.5.1
[21:53:16] [Server thread/INFO]: [ViaVersion] ViaVersion 4.5.1 is now loaded, injecting!
[21:53:17] [Via-Mappingloader-0/INFO]: [ViaVersion] Loading 1.12 -> 1.13 mappings...
[21:53:17] [Server thread/INFO]: [LuckPerms] Loading server plugin LuckPerms v5.4.65
[21:53:17] [Via-Mappingloader-2/INFO]: [ViaVersion] Loading 1.13.2 -> 1.14 mappings...
[21:53:17] [Via-Mappingloader-1/INFO]: [ViaVersion] Loading 1.13 -> 1.13.2 mappings...
[21:53:17] [Via-Mappingloader-3/INFO]: [ViaVersion] Loading 1.14 -> 1.15 mappings...
[21:53:17] [Via-Mappingloader-7/INFO]: [ViaVersion] Loading 1.17 -> 1.18 mappings...
[21:53:17] [Via-Mappingloader-9/INFO]: [ViaVersion] Loading 1.19 -> 1.19.3 mappings...
[21:53:17] [Via-Mappingloader-8/INFO]: [ViaVersion] Loading 1.18 -> 1.19 mappings...
[21:53:17] [Via-Mappingloader-4/INFO]: [ViaVersion] Loading 1.15 -> 1.16 mappings...
[21:53:17] [Via-Mappingloader-6/INFO]: [ViaVersion] Loading 1.16.2 -> 1.17 mappings...
[21:53:17] [Via-Mappingloader-5/INFO]: [ViaVersion] Loading 1.16 -> 1.16.2 mappings...
[21:53:18] [Server thread/INFO]: [Vault] Loading server plugin Vault v1.7.3-b131
[21:53:18] [Server thread/INFO]: [FastAsyncWorldEdit] Loading server plugin FastAsyncWorldEdit v2.5.3-SNAPSHOT-381;bfd919b
[21:53:18] [Via-Mappingloader-0/INFO]: [ViaVersion] Loading block connection mappings ...
[21:53:20] [Server thread/INFO]: Got request to register class com.sk89q.worldedit.bukkit.BukkitServerInterface with WorldEdit [com.sk89q.worldedit.extension.platform.PlatformManager@7a03755d]
[21:53:20] [Server thread/INFO]: [VoidGen] Loading server plugin VoidGen v2.2.1
[21:53:20] [Server thread/INFO]: [WorldGuard] Loading server plugin WorldGuard v7.0.7+216b061
[21:53:20] [Server thread/INFO]: [Multiverse-Core] Loading server plugin Multiverse-Core v4.3.1-b861
[21:53:20] [Server thread/INFO]: [GriefPrevention] Loading server plugin GriefPrevention v16.18.1
[21:53:20] [Server thread/INFO]: [Skript] Loading server plugin Skript v2.6.4
[21:53:20] [Server thread/INFO]: [HolographicDisplays] Loading server plugin HolographicDisplays v3.0.1
[21:53:20] [Server thread/INFO]: [Citizens] Loading server plugin Citizens v2.0.30-SNAPSHOT (build 2888)
[21:53:20] [Server thread/INFO]: [Essentials] Loading server plugin Essentials v2.19.7
[21:53:20] [Server thread/INFO]: [ViaBackwards] Loading server plugin ViaBackwards v4.5.1
[21:53:20] [Server thread/INFO]: [ViaBackwards] Loading translations...
[21:53:20] [Via-Mappingloader-0/INFO]: [ViaBackwards] Loading 1.10 -> 1.9.4 mappings...
[21:53:20] [Via-Mappingloader-0/INFO]: [ViaBackwards] Loading 1.11 -> 1.10 mappings...
[21:53:20] [Via-Mappingloader-0/INFO]: [ViaBackwards] Loading 1.12 -> 1.11 mappings...
[21:53:20] [Via-Mappingloader-0/INFO]: [ViaBackwards] Loading 1.13 -> 1.12 mappings...
[21:53:20] [Via-Mappingloader-5/INFO]: [ViaBackwards] Loading 1.13.2 -> 1.13 mappings...
[21:53:20] [Via-Mappingloader-5/INFO]: [ViaBackwards] Loading 1.14 -> 1.13.2 mappings...
[21:53:20] [Via-Mappingloader-8/INFO]: [ViaBackwards] Loading 1.15 -> 1.14 mappings...
[21:53:20] [Via-Mappingloader-9/INFO]: [ViaBackwards] Loading 1.16 -> 1.15 mappings...
[21:53:20] [Via-Mappingloader-4/INFO]: [ViaBackwards] Loading 1.16.2 -> 1.16 mappings...
[21:53:20] [Via-Mappingloader-7/INFO]: [ViaBackwards] Loading 1.17 -> 1.16.2 mappings...
[21:53:20] [Via-Mappingloader-2/INFO]: [ViaBackwards] Loading 1.18 -> 1.17 mappings...
[21:53:20] [Via-Mappingloader-6/INFO]: [ViaBackwards] Loading 1.19 -> 1.18 mappings...
[21:53:20] [Via-Mappingloader-3/INFO]: [ViaBackwards] Loading 1.19.3 -> 1.19 mappings...
[21:53:20] [Server thread/INFO]: [VaultChatFormatter] Loading server plugin VaultChatFormatter v1.1-SNAPSHOT
[21:53:20] [Server thread/INFO]: [StayPut] Loading server plugin StayPut v2.0.0
[21:53:20] [Server thread/INFO]: [spark] Loading server plugin spark v1.10.17
[21:53:20] [Server thread/INFO]: [skUtilities] Loading server plugin skUtilities v0.9.2
[21:53:20] [Server thread/INFO]: [skRayFall] Loading server plugin skRayFall v1.9.28
[21:53:20] [Server thread/INFO]: [PL-Hide] Loading server plugin PL-Hide v1.5.21
[21:53:20] [Server thread/INFO]: [goPaint] Loading server plugin goPaint v3.1.0-63
[21:53:20] [Server thread/INFO]: [goBrush] Loading server plugin goBrush v3.8.0-57
[21:53:20] [Server thread/INFO]: [Chunky] Loading server plugin Chunky v1.3.52
[21:53:20] [Server thread/INFO]: [BetterRTP] Loading server plugin BetterRTP v3.6.2
[21:53:20] [Server thread/INFO]: [AdvancedPortals] Loading server plugin AdvancedPortals v0.9.3
[21:53:20] [Server thread/INFO]: Server permissions file permissions.yml is empty, ignoring it
[21:53:20] [Server thread/INFO]: [LuckPerms] Enabling LuckPerms v5.4.65
[21:53:21] [Server thread/INFO]:         __    
[21:53:21] [Server thread/INFO]:   |    |__)   LuckPerms v5.4.65
[21:53:21] [Server thread/INFO]:   |___ |      Running on Bukkit - Pufferfish
[21:53:21] [Server thread/INFO]: 
[21:53:21] [Server thread/INFO]: [LuckPerms] Loading configuration...
[21:53:22] [Server thread/INFO]: [LuckPerms] Loading storage provider... [H2]
[21:53:23] [Server thread/INFO]: [LuckPerms] Loading internal permission managers...
[21:53:23] [Server thread/INFO]: [LuckPerms] Performing initial data load...
[21:53:23] [Server thread/INFO]: [LuckPerms] Successfully enabled. (took 2681ms)
[21:53:23] [Server thread/INFO]: [Vault] Enabling Vault v1.7.3-b131
[21:53:23] [Server thread/INFO]: [Vault] [Economy] Essentials Economy found: Waiting
[21:53:23] [Server thread/INFO]: [Vault] [Permission] SuperPermissions loaded as backup permission system.
[21:53:23] [Server thread/INFO]: [Vault] Enabled Version 1.7.3-b131
[21:53:23] [Server thread/INFO]: [LuckPerms] Registered Vault permission & chat hook.
[21:53:23] [Server thread/INFO]: [FastAsyncWorldEdit] Enabling FastAsyncWorldEdit v2.5.3-SNAPSHOT-381;bfd919b
[21:53:23] [Server thread/INFO]: [com.fastasyncworldedit.core.Fawe] LZ4 Compression Binding loaded successfully
[21:53:23] [Server thread/INFO]: [com.fastasyncworldedit.core.Fawe] ZSTD Compression Binding loaded successfully
[21:53:23] [Server thread/INFO]: Registering commands with com.sk89q.worldedit.bukkit.BukkitServerInterface
[21:53:24] [Server thread/INFO]: WEPIF: Vault detected! Using Vault for permissions
[21:53:24] [Server thread/INFO]: Using com.sk89q.worldedit.bukkit.adapter.impl.fawe.v1_19_R2.PaperweightFaweAdapter as the Bukkit adapter
[21:53:26] [Server thread/WARN]: [com.fastasyncworldedit.core.util.UpdateNotification] An update for FastAsyncWorldEdit is available. You are 11 build(s) out of date.
You are running build 381, the latest version is build 392.
Update at https://www.spigotmc.org/resources/13932/
[21:53:26] [Server thread/INFO]: [VoidGen] Enabling VoidGen v2.2.1
[21:53:26] [Server thread/INFO]: [VoidGen] Using VoidChunkGen: VERSION_UNKNOWN
[21:53:26] [Server thread/INFO]: Preparing level "world"
[21:53:26] [Server thread/INFO]: [VoidGen] Generator settings have not been set. Using default values:
[21:53:26] [Server thread/INFO]: [VoidGen] {"caves":false,"decoration":false,"mobs":false,"structures":false,"noise":false,"surface":false,"bedrock":false}
[21:53:27] [Server thread/INFO]: Preparing start region for dimension minecraft:overworld
[21:53:27] [Server thread/INFO]: Time elapsed: 211 ms
[21:53:27] [Server thread/INFO]: Preparing start region for dimension minecraft:the_nether
[21:53:27] [Server thread/INFO]: Time elapsed: 40 ms
[21:53:27] [Server thread/INFO]: Preparing start region for dimension minecraft:the_end
[21:53:27] [Server thread/INFO]: Time elapsed: 26 ms
[21:53:27] [Server thread/INFO]: [ViaVersion] Enabling ViaVersion v4.5.1
[21:53:27] [Server thread/INFO]: [WorldGuard] Enabling WorldGuard v7.0.7+216b061
[21:53:28] [Server thread/INFO]: [WorldGuard] (world) TNT ignition is PERMITTED.
[21:53:28] [Server thread/INFO]: [WorldGuard] (world) Lighters are PERMITTED.
[21:53:28] [Server thread/INFO]: [WorldGuard] (world) Lava fire is PERMITTED.
[21:53:28] [Server thread/INFO]: [WorldGuard] (world) Fire spread is UNRESTRICTED.
[21:53:28] [Server thread/INFO]: [WorldGuard] Loaded configuration for world 'world'
[21:53:28] [Server thread/INFO]: [WorldGuard] (world_nether) TNT ignition is PERMITTED.
[21:53:28] [Server thread/INFO]: [WorldGuard] (world_nether) Lighters are PERMITTED.
[21:53:28] [Server thread/INFO]: [WorldGuard] (world_nether) Lava fire is PERMITTED.
[21:53:28] [Server thread/INFO]: [WorldGuard] (world_nether) Fire spread is UNRESTRICTED.
[21:53:28] [Server thread/INFO]: [WorldGuard] Loaded configuration for world 'world_nether'
[21:53:28] [Server thread/INFO]: [WorldGuard] (world_the_end) TNT ignition is PERMITTED.
[21:53:28] [Server thread/INFO]: [WorldGuard] (world_the_end) Lighters are PERMITTED.
[21:53:28] [Server thread/INFO]: [WorldGuard] (world_the_end) Lava fire is PERMITTED.
[21:53:28] [Server thread/INFO]: [WorldGuard] (world_the_end) Fire spread is UNRESTRICTED.
[21:53:28] [Server thread/INFO]: [WorldGuard] Loaded configuration for world 'world_the_end'
[21:53:28] [Server thread/INFO]: [WorldGuard] Loading region data...
[21:53:28] [Server thread/INFO]: [Multiverse-Core] Enabling Multiverse-Core v4.3.1-b861
[21:53:28] [Server thread/WARN]: [Multiverse-Core] "Multiverse-Core v4.3.1-b861" has registered a listener for org.bukkit.event.entity.EntityCreatePortalEvent on method "public void com.onarandombox.MultiverseCore.listeners.MVPortalListener.entityPortalCreate(org.bukkit.event.entity.EntityCreatePortalEvent)", but the event is Deprecated. "Server performance will be affected"; please notify the authors [dumptruckman, Rigby, fernferret, lithium3141, main--].
[21:53:28] [Server thread/INFO]: [Multiverse-Core] §aWe are aware of the warning about the deprecated event. There is no alternative that allows us to do what we need to do and performance impact is negligible. It is safe to ignore.
[21:53:28] [Server thread/INFO]: [VoidGen] Generator settings have not been set. Using default values:
[21:53:28] [Server thread/INFO]: [VoidGen] {"caves":false,"decoration":false,"mobs":false,"structures":false,"noise":false,"surface":false,"bedrock":false}
[21:53:29] [Server thread/INFO]: Preparing start region for dimension minecraft:survival
[21:53:29] [Server thread/INFO]: Time elapsed: 14 ms
[21:53:29] [Server thread/INFO]: [WorldGuard] (survival) TNT ignition is PERMITTED.
[21:53:29] [Server thread/INFO]: [WorldGuard] (survival) Lighters are PERMITTED.
[21:53:29] [Server thread/INFO]: [WorldGuard] (survival) Lava fire is PERMITTED.
[21:53:29] [Server thread/INFO]: [WorldGuard] (survival) Fire spread is UNRESTRICTED.
[21:53:29] [Server thread/INFO]: [WorldGuard] Loaded configuration for world 'survival'
[21:53:29] [Server thread/INFO]: [Multiverse-Core] 4 - World(s) loaded.
[21:53:29] [Server thread/INFO]: [Multiverse-Core] Version 4.3.1-b861 (API v24) Enabled - By dumptruckman, Rigby, fernferret, lithium3141 and main--
[21:53:29] [Server thread/INFO]: [GriefPrevention] Enabling GriefPrevention v16.18.1
[21:53:29] [Server thread/INFO]: [GriefPrevention] Finished loading configuration.
[21:53:29] [Server thread/INFO]: [GriefPrevention] 0 total claims loaded.
[21:53:30] [Server thread/INFO]: [GriefPrevention] Customizable messages loaded.
[21:53:30] [Server thread/INFO]: [GriefPrevention] Successfully hooked into WorldGuard.
[21:53:30] [Server thread/INFO]: [GriefPrevention] Finished loading data (File Mode).
[21:53:30] [Server thread/INFO]: [GriefPrevention] Boot finished.
[21:53:30] [Server thread/INFO]: [Skript] Enabling Skript v2.6.4
[21:53:32] [ForkJoinPool.commonPool-worker-1/INFO]: [Skript] You're currently running the latest stable version of Skript.
[21:53:38] [Server thread/INFO]: [Skript] Loaded 153613 aliases in 7649ms
[21:53:39] [Server thread/INFO]: [Skript]  ~ created by & © Peter Güttinger aka Njol ~
[21:53:39] [Server thread/INFO]: [HolographicDisplays] Enabling HolographicDisplays v3.0.1
[21:53:39] [Server thread/INFO]: [Citizens] Enabling Citizens v2.0.30-SNAPSHOT (build 2888)
[21:53:39] [Server thread/INFO]: [Citizens] [STDOUT] [Citizens] Leaked by Chan @ BlackSpigot.com
[21:53:39] [Server thread/WARN]: Nag author(s): '[fullwall]' of 'Citizens' about their usage of System.out/err.print. Please use your plugin's logger instead (JavaPlugin#getLogger).
[21:53:39] [Server thread/INFO]: [Citizens] Loading external libraries
[21:53:40] [Server thread/INFO]: [Citizens] Loaded economy handling via Vault.
[21:53:40] [Server thread/INFO]: [Essentials] Enabling Essentials v2.19.7
[21:53:40] [Server thread/ERROR]: [Essentials] You are running an unsupported server version!
[21:53:41] [Server thread/INFO]: [Essentials] Attempting to convert old kits in config.yml to new kits.yml
[21:53:41] [Server thread/INFO]: [Essentials] No kits found to migrate.
[21:53:41] [Server thread/INFO]: [Essentials] Loaded 38132 items from items.json.
[21:53:41] [Server thread/INFO]: [Essentials] Using locale en_US
[21:53:41] [Server thread/INFO]: [Essentials] ServerListPingEvent: Spigot iterator API
[21:53:41] [Server thread/INFO]: [Essentials] Starting Metrics. Opt-out using the global bStats config.
[21:53:41] [Server thread/INFO]: [Vault] [Economy] Essentials Economy hooked.
[21:53:41] [Server thread/INFO]: [Essentials] Using Vault based permissions (LuckPerms)
[21:53:41] [Server thread/INFO]: [ViaBackwards] Enabling ViaBackwards v4.5.1
[21:53:41] [Server thread/INFO]: [VaultChatFormatter] Enabling VaultChatFormatter v1.1-SNAPSHOT
[21:53:41] [Server thread/INFO]: [VaultChatFormatter] New Vault Chat implementation registered: LuckPerms
[21:53:41] [Server thread/INFO]: [StayPut] Enabling StayPut v2.0.0
[21:53:42] [Server thread/INFO]: Alternate schema??? null
[21:53:42] [Server thread/INFO]: [spark] Enabling spark v1.10.17
[21:53:42] [Server thread/INFO]: [spark] Using Paper ServerTickStartEvent for tick monitoring
[21:53:42] [Server thread/INFO]: [spark] Starting background profiler...
[21:53:42] [Server thread/INFO]: [spark] The async-profiler engine is not supported for your os/arch (windows11/amd64), so the built-in Java engine will be used instead.
[21:53:42] [Server thread/INFO]: [skUtilities] Enabling skUtilities v0.9.2*
[21:53:42] [Server thread/INFO]: [skUtilities] v0.9.2: loaded modules (Conversions, Files, Yaml, Urls, Utilities) in 95ms
[21:53:42] [Server thread/INFO]: [skRayFall] Enabling skRayFall v1.9.28
[21:53:42] [Server thread/INFO]: [skRayFall] Yay! You are running skRayFall 1.9.28!
[21:53:42] [Server thread/INFO]: [skRayFall] Nathan and Lewis <3 you.
[21:53:43] [Server thread/INFO]: [skRayFall] Cooking Bacon...
[21:53:43] [Server thread/INFO]: [skRayFall] Getting more bacon for the army of citizens...
[21:53:43] [Server thread/INFO]: [skRayFall] Got bacon for the EffectLib particle ninjas!
[21:53:43] [Server thread/INFO]: [skRayFall] No Votifier Found! *Checks oven for finished bacon*
[21:53:43] [Server thread/INFO]: [skRayFall] Bacon holograms found
[21:53:43] [Server thread/INFO]: [skRayFall] Enabling general 1.8+ bacon!
[21:53:43] [Server thread/INFO]: [skRayFall] Getting the general 1.9+ bacon!
[21:53:43] [Server thread/INFO]: [skRayFall] Getting the extra special 1.17+ bacon!
[21:53:43] [Server thread/INFO]: [skRayFall] Bacon is ready!
[21:53:43] [Server thread/INFO]: [PL-Hide] Enabling PL-Hide v1.5.21
[21:53:43] [Server thread/INFO]: [goPaint] Enabling goPaint v3.1.0-63
[21:53:43] [Server thread/INFO]: [goBrush] Enabling goBrush v3.8.0-57
[21:53:45] [Server thread/INFO]: [Chunky] Enabling Chunky v1.3.52
[21:53:45] [Server thread/INFO]: [BetterRTP] Enabling BetterRTP v3.6.2
[21:53:47] [Server thread/INFO]: [AdvancedPortals] Enabling AdvancedPortals v0.9.3
[21:53:47] [Server thread/INFO]: [AdvancedPortals] BLOCK_PORTAL_TRAVEL found
[21:53:47] [Server thread/WARN]: [AdvancedPortals] Proxy features disabled for Advanced Portals as bungee isn't enabled on the server (spigot.yml).If you are using Paper proxies.velocity.enabled (config/paper-global.yml) or settings.velocity-support.enabled (paper.yml) may not be enabled 
[21:53:47] [Server thread/INFO]: Advanced portals have been successfully enabled!
[21:53:48] [Server thread/INFO]: Running delayed init tasks
[21:53:48] [Server thread/INFO]: [com.fastasyncworldedit.bukkit.regions.WorldGuardFeature] Plugin 'WorldGuard' found. Using it now.
[21:53:48] [Server thread/INFO]: [com.fastasyncworldedit.bukkit.FaweBukkit] Attempting to use plugin 'WorldGuard'
[21:53:48] [Server thread/INFO]: [com.fastasyncworldedit.bukkit.regions.GriefPreventionFeature] Plugin 'GriefPrevention' found. Using it now.
[21:53:48] [Server thread/INFO]: [com.fastasyncworldedit.bukkit.FaweBukkit] Attempting to use plugin 'GriefPrevention'
[21:53:48] [Server thread/INFO]: [ViaVersion] ViaVersion detected server version: 1.19.3 (761)
[21:53:48] [Server thread/INFO]: [Skript] Loading variables...
[21:53:48] [Server thread/INFO]: [Skript] Loaded 3 variables in 0.2 seconds
[21:53:48] [Craft Scheduler Thread - 8 - Essentials/INFO]: [Essentials] Fetching version information...
[21:53:48] [Craft Scheduler Thread - 17 - Vault/INFO]: [Vault] Checking for Updates ... 
[21:53:48] [Craft Scheduler Thread - 17 - Vault/INFO]: [Vault] No new version available
[21:53:49] [Server thread/INFO]: [Skript] All scripts loaded without errors.
[21:53:49] [Server thread/INFO]: [Skript] Loaded 2 scripts with a total of 1 trigger and 4 commands in 0.89 seconds
[21:53:49] [Server thread/INFO]: [Skript] Finished loading.
[21:53:49] [Server thread/INFO]: [Essentials] Essentials found a compatible payment resolution method: Vault Compatibility Layer (v1.7.3-b131)!
[21:53:51] [Server thread/INFO]: [Citizens] Loaded 8 NPCs.
[21:53:51] [Server thread/INFO]: [ViaVersion] Finished mapping loading, shutting down loader executor!
[21:53:51] [Server thread/WARN]: [ViaVersion] There is a newer plugin version available: 4.6.2, you're on: 4.5.1
[21:53:51] [Server thread/INFO]: Done (45.663s)! For help, type "help"
[21:53:51] [Server thread/INFO]: Timings Reset
