19:53 zenith421 : minecraft:give @s golden_shovel{display:{Name:'{"text":"Claim Shovel","color":"light_purple","bold":true}',Lore:['{"text":"Used to claim land.","color":"gray","italic":false}']},HideFlags:127,Unbreakable:1b,Enchantments:[{}]} 1
20:23 zenith421 : tt
20:24 zenith421 : t
20:27 zenith421 : tt
20:34 zenith421 : d
20:37 zenith421 : t
20:37 zenith421 : i love minecraft
20:38 zenith421 : r
20:38 zenith421 : r
20:38 zenith421 : suck
20:39 zenith421 : suck
20:39 zenith421 : lol beans
20:39 zenith421 : suck
20:42 zenith421 : s
20:43 zenith421 : SUCK MY DICK
20:44 zenith421 : f
20:47 zenith421 : t
20:47 zenith421 : t
20:47 zenith421 : t
20:48 zenith421 : lol
20:49 zenith421 : sus
20:49 zenith421 : sos
20:49 zenith421 : e
20:50 zenith421 : ➼
20:50 zenith421 : ‣
20:50 zenith421 : ∙
20:50 zenith421 : •
20:50 zenith421 : e
20:50 zenith421 : no stop
20:51 zenith421 : e
20:51 zenith421 : s
20:51 zenith421 : lol beans
20:51 zenith421 : yo gang
20:52 zenith421 : cuzzo
20:56 zenith421 : sus
20:58 zenith421 : s
20:58 zenith421 : e
20:58 zenith421 : s
20:58 zenith421 : suck ne
21:28 zenith421 : /msg 
21:42 zenith421 : e
21:42 zenith421 : t
21:43 zenith421 : lol
